<?xml version="1.0" encoding="UTF-8"?>
<testsuite xmlns:xsi="http://www.w3.org/2001/XMLSchema-instance" xsi:noNamespaceSchemaLocation="https://maven.apache.org/surefire/maven-surefire-plugin/xsd/surefire-test-report-3.0.xsd" version="3.0" name="com.shipfast.DeliveryTripIntegrationTest" time="15.908" tests="4" errors="0" skipped="0" failures="3">
  <properties>
[...]
</properties>
  <testcase name="exerciseGrader" classname="com.shipfast.DeliveryTripIntegrationTest" time="4.093">
    <system-out><![CDATA[14:08:08.814 [main] INFO org.springframework.test.context.support.AnnotationConfigContextLoaderUtils -- Could not detect default configuration classes for test class [com.shipfast.DeliveryTripIntegrationTest]: DeliveryTripIntegrationTest does not declare any static, non-private, non-final, nested classes annotated with @Configuration.
14:08:09.110 [main] INFO org.springframework.boot.test.context.SpringBootTestContextBootstrapper -- Found @SpringBootConfiguration com.shipfast.ShipFastApplication for test class com.shipfast.DeliveryTripIntegrationTest
  .   ____          _            __ _ _
 /\\ / ___'_ __ _ _(_)_ __  __ _ \ \ \ \
( ( )\___ | '_ | '_| | '_ \/ _` | \ \ \ \
 \\/  ___)| |_)| | | | | || (_| |  ) ) ) )
  '  |____| .__|_| |_|_| |_\__, | / / / /
 =========|_|==============|___/=/_/_/_/

 :: Spring Boot ::                (v3.3.0)

2026-06-18T14:08:10.266-03:00  INFO 95126 --- [assessment-grader] [           main] c.shipfast.DeliveryTripIntegrationTest   : Starting DeliveryTripIntegrationTest using Java 25.0.3 with PID 95126 (started by kalimain in /home/kalimain/workspace/ship-fast)
2026-06-18T14:08:10.270-03:00  INFO 95126 --- [assessment-grader] [           main] c.shipfast.DeliveryTripIntegrationTest   : The following 1 profile is active: "test"
2026-06-18T14:08:12.368-03:00  INFO 95126 --- [assessment-grader] [           main] .s.d.r.c.RepositoryConfigurationDelegate : Bootstrapping Spring Data JPA repositories in DEFAULT mode.
2026-06-18T14:08:12.484-03:00  INFO 95126 --- [assessment-grader] [           main] .s.d.r.c.RepositoryConfigurationDelegate : Finished Spring Data repository scanning in 102 ms. Found 2 JPA repository interfaces.
2026-06-18T14:08:13.769-03:00  INFO 95126 --- [assessment-grader] [           main] o.hibernate.jpa.internal.util.LogHelper  : HHH000204: Processing PersistenceUnitInfo [name: default]
2026-06-18T14:08:13.929-03:00  INFO 95126 --- [assessment-grader] [           main] org.hibernate.Version                    : HHH000412: Hibernate ORM core version 6.5.2.Final
2026-06-18T14:08:14.000-03:00  INFO 95126 --- [assessment-grader] [           main] o.h.c.internal.RegionFactoryInitiator    : HHH000026: Second-level cache disabled
2026-06-18T14:08:14.725-03:00  INFO 95126 --- [assessment-grader] [           main] o.s.o.j.p.SpringPersistenceUnitInfo      : No LoadTimeWeaver setup: ignoring JPA class transformer
2026-06-18T14:08:14.785-03:00  INFO 95126 --- [assessment-grader] [           main] com.zaxxer.hikari.HikariDataSource       : HikariPool-1 - Starting...
2026-06-18T14:08:15.246-03:00  INFO 95126 --- [assessment-grader] [           main] com.zaxxer.hikari.pool.HikariPool        : HikariPool-1 - Added connection conn0: url=jdbc:h2:mem:testdb user=SA
2026-06-18T14:08:15.249-03:00  INFO 95126 --- [assessment-grader] [           main] com.zaxxer.hikari.HikariDataSource       : HikariPool-1 - Start completed.
2026-06-18T14:08:15.292-03:00  WARN 95126 --- [assessment-grader] [           main] org.hibernate.orm.deprecation            : HHH90000025: H2Dialect does not need to be specified explicitly using 'hibernate.dialect' (remove the property setting and it will be selected by default)
2026-06-18T14:08:16.898-03:00  INFO 95126 --- [assessment-grader] [           main] o.h.e.t.j.p.i.JtaPlatformInitiator       : HHH000489: No JTA platform available (set 'hibernate.transaction.jta.platform' to enable JTA platform integration)
Hibernate: drop table if exists delivery_trips cascade 
Hibernate: drop table if exists vehicles cascade 
Hibernate: create table delivery_trips (cargo_weight_kg float(53) not null, distance_km float(53) not null, fuel_consumption_liters float(53), id bigint generated by default as identity, vehicle_id bigint not null, destination varchar(255) not null, status enum ('COMPLETED','IN_PROGRESS','PENDING') not null, primary key (id))
Hibernate: create table vehicles (fuel_efficiency float(53) not null, max_capacity_kg float(53) not null, id bigint generated by default as identity, license_plate varchar(255) not null unique, primary key (id))
Hibernate: alter table if exists delivery_trips add constraint FKmjs8olu2fy49vw2m6vbfveoey foreign key (vehicle_id) references vehicles
2026-06-18T14:08:17.036-03:00  INFO 95126 --- [assessment-grader] [           main] j.LocalContainerEntityManagerFactoryBean : Initialized JPA EntityManagerFactory for persistence unit 'default'
2026-06-18T14:08:18.084-03:00  WARN 95126 --- [assessment-grader] [           main] JpaBaseConfiguration$JpaWebConfiguration : spring.jpa.open-in-view is enabled by default. Therefore, database queries may be performed during view rendering. Explicitly configure spring.jpa.open-in-view to disable this warning
2026-06-18T14:08:18.923-03:00  INFO 95126 --- [assessment-grader] [           main] o.s.b.t.m.w.SpringBootMockServletContext : Initializing Spring TestDispatcherServlet ''
2026-06-18T14:08:18.923-03:00  INFO 95126 --- [assessment-grader] [           main] o.s.t.web.servlet.TestDispatcherServlet  : Initializing Servlet ''
2026-06-18T14:08:18.927-03:00  INFO 95126 --- [assessment-grader] [           main] o.s.t.web.servlet.TestDispatcherServlet  : Completed initialization in 2 ms
2026-06-18T14:08:18.979-03:00  INFO 95126 --- [assessment-grader] [           main] c.shipfast.DeliveryTripIntegrationTest   : Started DeliveryTripIntegrationTest in 9.531 seconds (process running for 12.59)
Hibernate: select dt1_0.id,dt1_0.cargo_weight_kg,dt1_0.destination,dt1_0.distance_km,dt1_0.fuel_consumption_liters,dt1_0.status,dt1_0.vehicle_id from delivery_trips dt1_0
Hibernate: select v1_0.id,v1_0.fuel_efficiency,v1_0.license_plate,v1_0.max_capacity_kg from vehicles v1_0
Hibernate: insert into vehicles (fuel_efficiency,license_plate,max_capacity_kg,id) values (?,?,?,default)
]]></system-out>
    <system-err><![CDATA[WARNING: A Java agent has been loaded dynamically (/home/kalimain/.m2/repository/net/bytebuddy/byte-buddy-agent/1.14.16/byte-buddy-agent-1.14.16.jar)
WARNING: If a serviceability tool is in use, please run with -XX:+EnableDynamicAgentLoading to hide this warning
WARNING: If a serviceability tool is not in use, please run with -Djdk.instrument.traceUsage for more information
WARNING: Dynamic loading of agents will be disallowed by default in a future release
]]></system-err>
  </testcase>
  <testcase name="shouldCompleteTripWithCorrectFuelCalculation" classname="com.shipfast.DeliveryTripIntegrationTest" time="0.64">
    <failure message="&#10;expected: COMPLETED&#10; but was: PENDING" type="org.opentest4j.AssertionFailedError"><![CDATA[org.opentest4j.AssertionFailedError: 

expected: COMPLETED
 but was: PENDING
	at java.base/jdk.internal.reflect.DirectConstructorHandleAccessor.newInstance(DirectConstructorHandleAccessor.java:62)
	at java.base/java.lang.reflect.Constructor.newInstanceWithCaller(Constructor.java:499)
	at com.shipfast.DeliveryTripIntegrationTest.shouldCompleteTripWithCorrectFuelCalculation(DeliveryTripIntegrationTest.java:99)
	at java.base/java.lang.reflect.Method.invoke(Method.java:565)
	at java.base/java.util.ArrayList.forEach(ArrayList.java:1604)
	at java.base/java.util.ArrayList.forEach(ArrayList.java:1604)
]]></failure>
    <system-out><![CDATA[Hibernate: select dt1_0.id,dt1_0.cargo_weight_kg,dt1_0.destination,dt1_0.distance_km,dt1_0.fuel_consumption_liters,dt1_0.status,dt1_0.vehicle_id from delivery_trips dt1_0
Hibernate: select v1_0.id,v1_0.fuel_efficiency,v1_0.license_plate,v1_0.max_capacity_kg from vehicles v1_0
Hibernate: delete from vehicles where id=?
Hibernate: insert into vehicles (fuel_efficiency,license_plate,max_capacity_kg,id) values (?,?,?,default)
Hibernate: insert into delivery_trips (cargo_weight_kg,destination,distance_km,fuel_consumption_liters,status,vehicle_id,id) values (?,?,?,?,?,?,default)
Hibernate: select dt1_0.id,dt1_0.cargo_weight_kg,dt1_0.destination,dt1_0.distance_km,dt1_0.fuel_consumption_liters,dt1_0.status,dt1_0.vehicle_id,v1_0.id,v1_0.fuel_efficiency,v1_0.license_plate,v1_0.max_capacity_kg from delivery_trips dt1_0 join vehicles v1_0 on v1_0.id=dt1_0.vehicle_id where dt1_0.id=?

MockHttpServletRequest:
      HTTP Method = POST
      Request URI = /api/trips/1/complete
       Parameters = {}
          Headers = []
             Body = null
    Session Attrs = {}

Handler:
             Type = com.shipfast.controller.DeliveryTripController
           Method = com.shipfast.controller.DeliveryTripController#completeTrip(Long)

Async:
    Async started = false
     Async result = null

Resolved Exception:
             Type = null

ModelAndView:
        View name = null
             View = null
            Model = null

FlashMap:
       Attributes = null

MockHttpServletResponse:
           Status = 200
    Error message = null
          Headers = []
     Content type = null
             Body = 
    Forwarded URL = null
   Redirected URL = null
          Cookies = []
]]></system-out>
  </testcase>
  <testcase name="shouldCreateValidTrip" classname="com.shipfast.DeliveryTripIntegrationTest" time="0.407">
    <failure message="&#10;Expected size: 1 but was: 0 in:&#10;[]" type="java.lang.AssertionError"><![CDATA[java.lang.AssertionError: 

Expected size: 1 but was: 0 in:
[]
	at com.shipfast.DeliveryTripIntegrationTest.shouldCreateValidTrip(DeliveryTripIntegrationTest.java:60)
	at java.base/java.lang.reflect.Method.invoke(Method.java:565)
	at java.base/java.util.ArrayList.forEach(ArrayList.java:1604)
	at java.base/java.util.ArrayList.forEach(ArrayList.java:1604)
]]></failure>
    <system-out><![CDATA[Hibernate: select dt1_0.id,dt1_0.cargo_weight_kg,dt1_0.destination,dt1_0.distance_km,dt1_0.fuel_consumption_liters,dt1_0.status,dt1_0.vehicle_id from delivery_trips dt1_0
Hibernate: select v1_0.id,v1_0.fuel_efficiency,v1_0.license_plate,v1_0.max_capacity_kg from vehicles v1_0 where v1_0.id=?
Hibernate: delete from delivery_trips where id=?
Hibernate: select v1_0.id,v1_0.fuel_efficiency,v1_0.license_plate,v1_0.max_capacity_kg from vehicles v1_0
Hibernate: delete from vehicles where id=?
Hibernate: insert into vehicles (fuel_efficiency,license_plate,max_capacity_kg,id) values (?,?,?,default)
Hibernate: select dt1_0.id,dt1_0.cargo_weight_kg,dt1_0.destination,dt1_0.distance_km,dt1_0.fuel_consumption_liters,dt1_0.status,dt1_0.vehicle_id from delivery_trips dt1_0

MockHttpServletRequest:
      HTTP Method = POST
      Request URI = /api/trips
       Parameters = {}
          Headers = [Content-Type:"application/json;charset=UTF-8", Content-Length:"83"]
             Body = {"vehicleId":3,"destination":"São Paulo","cargoWeightKg":500.0,"distanceKm":100.0}
    Session Attrs = {}

Handler:
             Type = com.shipfast.controller.DeliveryTripController
           Method = com.shipfast.controller.DeliveryTripController#createTrip(CreateTripRequest)

Async:
    Async started = false
     Async result = null

Resolved Exception:
             Type = null

ModelAndView:
        View name = null
             View = null
            Model = null

FlashMap:
       Attributes = null

MockHttpServletResponse:
           Status = 201
    Error message = null
          Headers = []
     Content type = null
             Body = 
    Forwarded URL = null
   Redirected URL = null
          Cookies = []
]]></system-out>
  </testcase>
  <testcase name="shouldRejectTripExceedingCapacity" classname="com.shipfast.DeliveryTripIntegrationTest" time="0.091">
    <failure message="Status expected:&lt;400&gt; but was:&lt;201&gt;" type="java.lang.AssertionError"><![CDATA[java.lang.AssertionError: Status expected:<400> but was:<201>
	at org.springframework.test.util.AssertionErrors.fail(AssertionErrors.java:59)
	at org.springframework.test.util.AssertionErrors.assertEquals(AssertionErrors.java:122)
	at org.springframework.test.web.servlet.result.StatusResultMatchers.lambda$matcher$9(StatusResultMatchers.java:637)
	at org.springframework.test.web.servlet.MockMvc$1.andExpect(MockMvc.java:214)
	at com.shipfast.DeliveryTripIntegrationTest.shouldRejectTripExceedingCapacity(DeliveryTripIntegrationTest.java:80)
	at java.base/java.lang.reflect.Method.invoke(Method.java:565)
	at java.base/java.util.ArrayList.forEach(ArrayList.java:1604)
	at java.base/java.util.ArrayList.forEach(ArrayList.java:1604)
]]></failure>
    <system-out><![CDATA[Hibernate: select dt1_0.id,dt1_0.cargo_weight_kg,dt1_0.destination,dt1_0.distance_km,dt1_0.fuel_consumption_liters,dt1_0.status,dt1_0.vehicle_id from delivery_trips dt1_0
Hibernate: select v1_0.id,v1_0.fuel_efficiency,v1_0.license_plate,v1_0.max_capacity_kg from vehicles v1_0
Hibernate: delete from vehicles where id=?
Hibernate: insert into vehicles (fuel_efficiency,license_plate,max_capacity_kg,id) values (?,?,?,default)

MockHttpServletRequest:
      HTTP Method = POST
      Request URI = /api/trips
       Parameters = {}
          Headers = [Content-Type:"application/json;charset=UTF-8", Content-Length:"88"]
             Body = {"vehicleId":4,"destination":"Rio de Janeiro","cargoWeightKg":1500.0,"distanceKm":200.0}
    Session Attrs = {}

Handler:
             Type = com.shipfast.controller.DeliveryTripController
           Method = com.shipfast.controller.DeliveryTripController#createTrip(CreateTripRequest)

Async:
    Async started = false
     Async result = null

Resolved Exception:
             Type = null

ModelAndView:
        View name = null
             View = null
            Model = null

FlashMap:
       Attributes = null

MockHttpServletResponse:
           Status = 201
    Error message = null
          Headers = []
     Content type = null
             Body = 
    Forwarded URL = null
   Redirected URL = null
          Cookies = []
]]></system-out>
  </testcase>
</testsuite>