<?xml version="1.0" encoding="UTF-8"?>
<testsuite xmlns:xsi="http://www.w3.org/2001/XMLSchema-instance" xsi:noNamespaceSchemaLocation="https://maven.apache.org/surefire/maven-surefire-plugin/xsd/surefire-test-report-3.0.xsd" version="3.0" name="com.shipfast.service.DeliveryTripServiceTest$CreateTripTests" time="0.061" tests="6" errors="0" skipped="0" failures="0">
  <properties>
[...]
</properties>
  <testcase name="shouldSaveOutboxEventOnCreate" classname="com.shipfast.service.DeliveryTripServiceTest$CreateTripTests" time="0.01">
    <system-out><![CDATA[2026-06-22T14:54:51.831-03:00  INFO 18868 --- [assessment-grader] [           main] [                                                 ] c.shipfast.service.DeliveryTripService   : Creating trip for vehicleId: 1 with destination: Campinas
2026-06-22T14:54:51.836-03:00  INFO 18868 --- [assessment-grader] [           main] [                                                 ] c.shipfast.service.DeliveryTripService   : Trip created successfully with id: 1
]]></system-out>
  </testcase>
  <testcase name="shouldAllowTripWhenCargoEqualsMaxCapacity" classname="com.shipfast.service.DeliveryTripServiceTest$CreateTripTests" time="0.007">
    <system-out><![CDATA[2026-06-22T14:54:51.848-03:00  INFO 18868 --- [assessment-grader] [           main] [                                                 ] c.shipfast.service.DeliveryTripService   : Creating trip for vehicleId: 1 with destination: Porto Alegre
2026-06-22T14:54:51.848-03:00  INFO 18868 --- [assessment-grader] [           main] [                                                 ] c.shipfast.service.DeliveryTripService   : Trip created successfully with id: 2
]]></system-out>
  </testcase>
  <testcase name="shouldThrowWhenCargoExceedsCapacity" classname="com.shipfast.service.DeliveryTripServiceTest$CreateTripTests" time="0.009">
    <system-out><![CDATA[2026-06-22T14:54:51.862-03:00  INFO 18868 --- [assessment-grader] [           main] [                                                 ] c.shipfast.service.DeliveryTripService   : Creating trip for vehicleId: 1 with destination: Belo Horizonte
2026-06-22T14:54:51.862-03:00  WARN 18868 --- [assessment-grader] [           main] [                                                 ] c.shipfast.service.DeliveryTripService   : Trip creation failed. Cargo weight 1001.0kg exceeds vehicle capacity 1000.0kg for vehicleId: 1
]]></system-out>
  </testcase>
  <testcase name="shouldSetPendingStatusOnPersistedEntity" classname="com.shipfast.service.DeliveryTripServiceTest$CreateTripTests" time="0.011">
    <system-out><![CDATA[2026-06-22T14:54:51.873-03:00  INFO 18868 --- [assessment-grader] [           main] [                                                 ] c.shipfast.service.DeliveryTripService   : Creating trip for vehicleId: 1 with destination: Curitiba
2026-06-22T14:54:51.873-03:00  INFO 18868 --- [assessment-grader] [           main] [                                                 ] c.shipfast.service.DeliveryTripService   : Trip created successfully with id: 1
]]></system-out>
  </testcase>
  <testcase name="shouldCreateTripWithPendingStatus" classname="com.shipfast.service.DeliveryTripServiceTest$CreateTripTests" time="0.009">
    <system-out><![CDATA[2026-06-22T14:54:51.882-03:00  INFO 18868 --- [assessment-grader] [           main] [                                                 ] c.shipfast.service.DeliveryTripService   : Creating trip for vehicleId: 1 with destination: Sao Paulo
2026-06-22T14:54:51.882-03:00  INFO 18868 --- [assessment-grader] [           main] [                                                 ] c.shipfast.service.DeliveryTripService   : Trip created successfully with id: 10
]]></system-out>
  </testcase>
  <testcase name="shouldThrowWhenVehicleNotFound" classname="com.shipfast.service.DeliveryTripServiceTest$CreateTripTests" time="0.0">
    <system-out><![CDATA[2026-06-22T14:54:51.889-03:00  INFO 18868 --- [assessment-grader] [           main] [                                                 ] c.shipfast.service.DeliveryTripService   : Creating trip for vehicleId: 99 with destination: Fortaleza
]]></system-out>
  </testcase>
</testsuite>